<?xml version="1.0" encoding="UTF-8"?>
<testng-results skipped="0" failed="0" total="1" passed="1">
  <reporter-output>
  </reporter-output>
  <suite name="bootstarpSuite" duration-ms="8486" started-at="2022-05-03T08:28:06Z" finished-at="2022-05-03T08:28:14Z">
    <groups>
    </groups>
    <test name="dropdownTest" duration-ms="8486" started-at="2022-05-03T08:28:06Z" finished-at="2022-05-03T08:28:14Z">
      <class name="dropdown.nonselect">
        <test-method status="PASS" signature="launchurl()[pri:0, instance:dropdown.nonselect@6500df86]" name="launchurl" is-config="true" duration-ms="3484" started-at="2022-05-03T13:58:06Z" finished-at="2022-05-03T13:58:09Z">
          <reporter-output>
          </reporter-output>
        </test-method> <!-- launchurl -->
        <test-method status="PASS" signature="selectdropdown(java.lang.String)[pri:0, instance:dropdown.nonselect@6500df86]" name="selectdropdown" duration-ms="4910" started-at="2022-05-03T13:58:09Z" finished-at="2022-05-03T13:58:14Z">
          <params>
            <param index="0">
              <value>
                <![CDATA[JavaScript]]>
              </value>
            </param>
          </params>
          <reporter-output>
          </reporter-output>
        </test-method> <!-- selectdropdown -->
        <test-method status="PASS" signature="teardown()[pri:0, instance:dropdown.nonselect@6500df86]" name="teardown" is-config="true" duration-ms="79" started-at="2022-05-03T13:58:14Z" finished-at="2022-05-03T13:58:14Z">
          <reporter-output>
          </reporter-output>
        </test-method> <!-- teardown -->
      </class> <!-- dropdown.nonselect -->
    </test> <!-- dropdownTest -->
  </suite> <!-- bootstarpSuite -->
</testng-results>
