<?xml version="1.0" encoding="UTF-8"?>
<testng-results skipped="0" failed="0" ignored="0" total="2" passed="2">
  <reporter-output>
  </reporter-output>
  <suite name="vlaidtesuite" duration-ms="31034" started-at="2022-05-08T18:03:01 IST" finished-at="2022-05-08T18:03:33 IST">
    <groups>
    </groups>
    <test name="testng1" duration-ms="31034" started-at="2022-05-08T18:03:01 IST" finished-at="2022-05-08T18:03:33 IST">
      <class name="practise.practise.Restassured">
        <test-method status="PASS" signature="launch()[pri:0, instance:practise.practise.Restassured@30a3107a]" name="launch" is-config="true" duration-ms="24603" started-at="2022-05-08T18:03:01 IST" finished-at="2022-05-08T18:03:26 IST">
          <reporter-output>
          </reporter-output>
        </test-method> <!-- launch -->
        <test-method status="PASS" signature="entermaheshbabu()[pri:0, instance:practise.practise.Restassured@30a3107a]" name="entermaheshbabu" duration-ms="2225" started-at="2022-05-08T18:03:26 IST" finished-at="2022-05-08T18:03:28 IST">
          <reporter-output>
          </reporter-output>
        </test-method> <!-- entermaheshbabu -->
        <test-method status="PASS" signature="vlidate()[pri:0, instance:practise.practise.Restassured@30a3107a]" name="vlidate" duration-ms="8" started-at="2022-05-08T18:03:28 IST" finished-at="2022-05-08T18:03:28 IST">
          <reporter-output>
          </reporter-output>
        </test-method> <!-- vlidate -->
        <test-method status="PASS" signature="teardown()[pri:0, instance:practise.practise.Restassured@30a3107a]" name="teardown" is-config="true" duration-ms="4165" started-at="2022-05-08T18:03:28 IST" finished-at="2022-05-08T18:03:33 IST">
          <reporter-output>
          </reporter-output>
        </test-method> <!-- teardown -->
      </class> <!-- practise.practise.Restassured -->
    </test> <!-- testng1 -->
  </suite> <!-- vlaidtesuite -->
</testng-results>
