<?xml version="1.0" encoding="UTF-8"?>
<testsuite xmlns:xsi="http://www.w3.org/2001/XMLSchema-instance" xsi:noNamespaceSchemaLocation="https://maven.apache.org/surefire/maven-surefire-plugin/xsd/surefire-test-report-3.0.xsd" version="3.0" name="TestSuite" time="3.129" tests="3" errors="0" skipped="3" failures="0">
  <properties>
[...]
</properties>
  <testcase name="entermaheshbabu" classname="practise.practise.Restassured" time="0">
    <skipped message="session not created: This version of ChromeDriver only supports Chrome version 99&#10;Current browser version is 101.0.4951.54 with binary path C:\Program Files\Google\Chrome\Application\chrome.exe&#10;Build info: version: &apos;4.0.0-alpha-2&apos;, revision: &apos;f148142cf8&apos;, time: &apos;2019-07-01T20:55:26&apos;&#10;System info: host: &apos;LAPTOP-J1GC4JUM&apos;, ip: &apos;192.168.1.21&apos;, os.name: &apos;Windows 11&apos;, os.arch: &apos;amd64&apos;, os.version: &apos;10.0&apos;, java.version: &apos;1.8.0_321&apos;&#10;Driver info: driver.version: ChromeDriver&#10;remote stacktrace: Backtrace:&#10;	Ordinal0 [0x00329943+2595139]&#10;	Ordinal0 [0x002BC9F1+2148849]&#10;	Ordinal0 [0x001B4528+1066280]&#10;	Ordinal0 [0x001D42C3+1196739]&#10;	Ordinal0 [0x001CFE37+1179191]&#10;	Ordinal0 [0x001CD6F1+1169137]&#10;	Ordinal0 [0x00200530+1377584]&#10;	Ordinal0 [0x0020018A+1376650]&#10;	Ordinal0 [0x001FB806+1357830]&#10;	Ordinal0 [0x001D6086+1204358]&#10;	Ordinal0 [0x001D6F96+1208214]&#10;	GetHandleVerifier [0x004CB232+1658114]&#10;	GetHandleVerifier [0x0058312C+2411516]&#10;	GetHandleVerifier [0x003BF261+560433]&#10;	GetHandleVerifier [0x003BE366+556598]&#10;	Ordinal0 [0x002C286B+2173035]&#10;	Ordinal0 [0x002C75F8+2192888]&#10;	Ordinal0 [0x002C76E5+2193125]&#10;	Ordinal0 [0x002D11FC+2232828]&#10;	BaseThreadInitThunk [0x76146739+25]&#10;	RtlGetFullPathName_UEx [0x778D8E7F+1215]&#10;	RtlGetFullPathName_UEx [0x778D8E4D+1165]&#10;	(No symbol) [0x00000000]&#10;"/>
    <system-err><![CDATA[SLF4J: Failed to load class "org.slf4j.impl.StaticLoggerBinder".
SLF4J: Defaulting to no-operation (NOP) logger implementation
SLF4J: See http://www.slf4j.org/codes.html#StaticLoggerBinder for further details.
Starting ChromeDriver 99.0.4844.51 (d537ec02474b5afe23684e7963d538896c63ac77-refs/branch-heads/4844@{#875}) on port 40363
Only local connections are allowed.
Please see https://chromedriver.chromium.org/security-considerations for suggestions on keeping ChromeDriver safe.
ChromeDriver was started successfully.
]]></system-err>
  </testcase>
  <testcase name="vlidate" classname="practise.practise.Restassured" time="0">
    <skipped message="session not created: This version of ChromeDriver only supports Chrome version 99&#10;Current browser version is 101.0.4951.54 with binary path C:\Program Files\Google\Chrome\Application\chrome.exe&#10;Build info: version: &apos;4.0.0-alpha-2&apos;, revision: &apos;f148142cf8&apos;, time: &apos;2019-07-01T20:55:26&apos;&#10;System info: host: &apos;LAPTOP-J1GC4JUM&apos;, ip: &apos;192.168.1.21&apos;, os.name: &apos;Windows 11&apos;, os.arch: &apos;amd64&apos;, os.version: &apos;10.0&apos;, java.version: &apos;1.8.0_321&apos;&#10;Driver info: driver.version: ChromeDriver&#10;remote stacktrace: Backtrace:&#10;	Ordinal0 [0x00329943+2595139]&#10;	Ordinal0 [0x002BC9F1+2148849]&#10;	Ordinal0 [0x001B4528+1066280]&#10;	Ordinal0 [0x001D42C3+1196739]&#10;	Ordinal0 [0x001CFE37+1179191]&#10;	Ordinal0 [0x001CD6F1+1169137]&#10;	Ordinal0 [0x00200530+1377584]&#10;	Ordinal0 [0x0020018A+1376650]&#10;	Ordinal0 [0x001FB806+1357830]&#10;	Ordinal0 [0x001D6086+1204358]&#10;	Ordinal0 [0x001D6F96+1208214]&#10;	GetHandleVerifier [0x004CB232+1658114]&#10;	GetHandleVerifier [0x0058312C+2411516]&#10;	GetHandleVerifier [0x003BF261+560433]&#10;	GetHandleVerifier [0x003BE366+556598]&#10;	Ordinal0 [0x002C286B+2173035]&#10;	Ordinal0 [0x002C75F8+2192888]&#10;	Ordinal0 [0x002C76E5+2193125]&#10;	Ordinal0 [0x002D11FC+2232828]&#10;	BaseThreadInitThunk [0x76146739+25]&#10;	RtlGetFullPathName_UEx [0x778D8E7F+1215]&#10;	RtlGetFullPathName_UEx [0x778D8E4D+1165]&#10;	(No symbol) [0x00000000]&#10;"/>
  </testcase>
  <testcase name="teardown" classname="practise.practise.Restassured" time="0">
    <skipped/>
  </testcase>
</testsuite>