<?xml version="1.0" encoding="UTF-8"?>
<testng-results skipped="0" failed="0" total="1" passed="1">
  <reporter-output>
  </reporter-output>
  <suite name="Default suite" duration-ms="45662" started-at="2022-05-12T10:04:38Z" finished-at="2022-05-12T10:05:24Z">
    <groups>
    </groups>
    <test name="Default test" duration-ms="45662" started-at="2022-05-12T10:04:38Z" finished-at="2022-05-12T10:05:24Z">
      <class name="practise.practise.Excelsheetreader">
        <test-method status="PASS" signature="launchapp()[pri:0, instance:practise.practise.Excelsheetreader@7d9d1a19]" name="launchapp" is-config="true" duration-ms="4837" started-at="2022-05-12T15:34:38Z" finished-at="2022-05-12T15:34:43Z">
          <reporter-output>
          </reporter-output>
        </test-method> <!-- launchapp -->
        <test-method status="PASS" signature="enterdetails(java.lang.String, java.lang.String)[pri:0, instance:practise.practise.Excelsheetreader@7d9d1a19]" name="enterdetails" duration-ms="40511" started-at="2022-05-12T15:34:43Z" data-provider="dataprovider" finished-at="2022-05-12T15:35:24Z">
          <params>
            <param index="0">
              <value>
                <![CDATA[partheepbommina@gmail.com]]>
              </value>
            </param>
            <param index="1">
              <value>
                <![CDATA[saintpartheep]]>
              </value>
            </param>
          </params>
          <reporter-output>
          </reporter-output>
        </test-method> <!-- enterdetails -->
        <test-method status="PASS" signature="closeapp()[pri:0, instance:practise.practise.Excelsheetreader@7d9d1a19]" name="closeapp" is-config="true" duration-ms="290" started-at="2022-05-12T15:35:24Z" finished-at="2022-05-12T15:35:24Z">
          <reporter-output>
          </reporter-output>
        </test-method> <!-- closeapp -->
      </class> <!-- practise.practise.Excelsheetreader -->
    </test> <!-- Default test -->
  </suite> <!-- Default suite -->
</testng-results>
