<?xml version="1.0" encoding="UTF-8"?>
<testng-results skipped="0" failed="0" total="1" passed="1">
  <reporter-output>
  </reporter-output>
  <suite name="Default suite" duration-ms="8900" started-at="2022-05-08T12:20:53Z" finished-at="2022-05-08T12:21:02Z">
    <groups>
    </groups>
    <test name="Default test" duration-ms="8900" started-at="2022-05-08T12:20:53Z" finished-at="2022-05-08T12:21:02Z">
      <class name="practise.practise.Restassured">
        <test-method status="PASS" signature="launch()[pri:0, instance:practise.practise.Restassured@3bfdc050]" name="launch" is-config="true" duration-ms="4716" started-at="2022-05-08T17:50:53Z" finished-at="2022-05-08T17:50:58Z">
          <reporter-output>
          </reporter-output>
        </test-method> <!-- launch -->
        <test-method status="PASS" signature="vlidate()[pri:0, instance:practise.practise.Restassured@3bfdc050]" name="vlidate" duration-ms="11" started-at="2022-05-08T17:50:58Z" finished-at="2022-05-08T17:50:58Z">
          <reporter-output>
          </reporter-output>
        </test-method> <!-- vlidate -->
        <test-method status="PASS" signature="teardown()[pri:0, instance:practise.practise.Restassured@3bfdc050]" name="teardown" is-config="true" duration-ms="4157" started-at="2022-05-08T17:50:58Z" finished-at="2022-05-08T17:51:02Z">
          <reporter-output>
          </reporter-output>
        </test-method> <!-- teardown -->
      </class> <!-- practise.practise.Restassured -->
    </test> <!-- Default test -->
  </suite> <!-- Default suite -->
</testng-results>
